This file contains any messages produced by compilers while
running configure, to aid debugging if configure makes a mistake.

It was created by gdbm configure 1.9.1, which was
generated by GNU Autoconf 2.63.  Invocation command line was

  $ ./configure --prefix=/sandbox/maps/maps_server --enable-libgdbm-compat --enable-static --disable-shared

## --------- ##
## Platform. ##
## --------- ##

hostname = localhost.localdomain
uname -m = x86_64
uname -r = 2.6.32-573.7.1.el6.x86_64
uname -s = Linux
uname -v = #1 SMP Tue Sep 22 22:00:00 UTC 2015

/usr/bin/uname -p = unknown
/bin/uname -X     = unknown

/bin/arch              = x86_64
/usr/bin/arch -k       = unknown
/usr/convex/getsysinfo = unknown
/usr/bin/hostinfo      = unknown
/bin/machine           = unknown
/usr/bin/oslevel       = unknown
/bin/universe          = unknown

PATH: /sandbox/maps/maps_server/bin
PATH: /home/vagrant
PATH: /usr/local/src/elixir/bin
PATH: /home/vagrant/.rbenv/bin
PATH: /usr/lib64/ccache
PATH: /usr/local/bin
PATH: /bin
PATH: /usr/bin
PATH: /usr/local/sbin
PATH: /usr/sbin
PATH: /sbin
PATH: /usr/pgsql-9.3/bin/


## ----------- ##
## Core tests. ##
## ----------- ##

configure:1980: checking for a BSD-compatible install
configure:2048: result: /usr/bin/install -c
configure:2059: checking whether build environment is sane
configure:2119: result: yes
configure:2260: checking for a thread-safe mkdir -p
configure:2299: result: /bin/mkdir -p
configure:2312: checking for gawk
configure:2328: found /bin/gawk
configure:2339: result: gawk
configure:2350: checking whether make sets $(MAKE)
configure:2372: result: yes
configure:2587: checking for gcc
configure:2614: result: cc
configure:2846: checking for C compiler version
configure:2854: cc --version >&5
cc (GCC) 4.4.7 20120313 (Red Hat 4.4.7-16)
Copyright (C) 2010 Free Software Foundation, Inc.
This is free software; see the source for copying conditions.  There is NO
warranty; not even for MERCHANTABILITY or FITNESS FOR A PARTICULAR PURPOSE.

configure:2858: $? = 0
configure:2865: cc -v >&5
Using built-in specs.
Target: x86_64-redhat-linux
Configured with: ../configure --prefix=/usr --mandir=/usr/share/man --infodir=/usr/share/info --with-bugurl=http://bugzilla.redhat.com/bugzilla --enable-bootstrap --enable-shared --enable-threads=posix --enable-checking=release --with-system-zlib --enable-__cxa_atexit --disable-libunwind-exceptions --enable-gnu-unique-object --enable-languages=c,c++,objc,obj-c++,java,fortran,ada --enable-java-awt=gtk --disable-dssi --with-java-home=/usr/lib/jvm/java-1.5.0-gcj-1.5.0.0/jre --enable-libgcj-multifile --enable-java-maintainer-mode --with-ecj-jar=/usr/share/java/eclipse-ecj.jar --disable-libjava-multilib --with-ppl --with-cloog --with-tune=generic --with-arch_32=i686 --build=x86_64-redhat-linux
Thread model: posix
gcc version 4.4.7 20120313 (Red Hat 4.4.7-16) (GCC) 
configure:2869: $? = 0
configure:2876: cc -V >&5
cc: '-V' option must have argument
configure:2880: $? = 1
configure:2903: checking for C compiler default output file name
configure:2925: cc -I/sandbox/maps/maps_server/include  -fPIC  -L/sandbox/maps/maps_server/lib  conftest.c  >&5
configure:2929: $? = 0
configure:2967: result: a.out
configure:2986: checking whether the C compiler works
configure:2996: ./a.out
configure:3000: $? = 0
configure:3019: result: yes
configure:3026: checking whether we are cross compiling
configure:3028: result: no
configure:3031: checking for suffix of executables
configure:3038: cc -o conftest -I/sandbox/maps/maps_server/include  -fPIC  -L/sandbox/maps/maps_server/lib  conftest.c  >&5
configure:3042: $? = 0
configure:3068: result: 
configure:3074: checking for suffix of object files
configure:3100: cc -c -I/sandbox/maps/maps_server/include  -fPIC  conftest.c >&5
configure:3104: $? = 0
configure:3129: result: o
configure:3133: checking whether we are using the GNU C compiler
configure:3162: cc -c -I/sandbox/maps/maps_server/include  -fPIC  conftest.c >&5
configure:3169: $? = 0
configure:3186: result: yes
configure:3195: checking whether cc accepts -g
configure:3225: cc -c -g  conftest.c >&5
configure:3232: $? = 0
configure:3333: result: yes
configure:3350: checking for cc option to accept ISO C89
configure:3424: cc  -c -I/sandbox/maps/maps_server/include  -fPIC  conftest.c >&5
configure:3431: $? = 0
configure:3454: result: none needed
configure:3483: checking for style of include used by make
configure:3511: result: GNU
configure:3536: checking dependency style of cc
configure:3646: result: gcc3
configure:3666: checking how to run the C preprocessor
configure:3706: cc -E  conftest.c
configure:3713: $? = 0
configure:3744: cc -E  conftest.c
conftest.c:10:28: error: ac_nonexistent.h: No such file or directory
configure:3751: $? = 1
configure: failed program was:
| /* confdefs.h.  */
| #define PACKAGE_NAME "gdbm"
| #define PACKAGE_TARNAME "gdbm"
| #define PACKAGE_VERSION "1.9.1"
| #define PACKAGE_STRING "gdbm 1.9.1"
| #define PACKAGE_BUGREPORT "bug-gdbm@gnu.org"
| #define PACKAGE "gdbm"
| #define VERSION "1.9.1"
| /* end confdefs.h.  */
| #include <ac_nonexistent.h>
configure:3784: result: cc -E
configure:3813: cc -E  conftest.c
configure:3820: $? = 0
configure:3851: cc -E  conftest.c
conftest.c:10:28: error: ac_nonexistent.h: No such file or directory
configure:3858: $? = 1
configure: failed program was:
| /* confdefs.h.  */
| #define PACKAGE_NAME "gdbm"
| #define PACKAGE_TARNAME "gdbm"
| #define PACKAGE_VERSION "1.9.1"
| #define PACKAGE_STRING "gdbm 1.9.1"
| #define PACKAGE_BUGREPORT "bug-gdbm@gnu.org"
| #define PACKAGE "gdbm"
| #define VERSION "1.9.1"
| /* end confdefs.h.  */
| #include <ac_nonexistent.h>
configure:3911: checking for a BSD-compatible install
configure:3979: result: /usr/bin/install -c
configure:4021: checking build system type
configure:4039: result: x86_64-unknown-linux-gnu
configure:4061: checking host system type
configure:4076: result: x86_64-unknown-linux-gnu
configure:4119: checking how to print strings
configure:4146: result: printf
configure:4167: checking for a sed that does not truncate output
configure:4233: result: /bin/sed
configure:4251: checking for grep that handles long lines and -e
configure:4311: result: /bin/grep
configure:4316: checking for egrep
configure:4380: result: /bin/grep -E
configure:4385: checking for fgrep
configure:4449: result: /bin/grep -F
configure:4484: checking for ld used by cc
configure:4551: result: /usr/bin/ld
configure:4560: checking if the linker (/usr/bin/ld) is GNU ld
configure:4575: result: yes
configure:4587: checking for BSD- or MS-compatible name lister (nm)
configure:4636: result: /usr/bin/nm -B
configure:4766: checking the name lister (/usr/bin/nm -B) interface
configure:4773: cc -c -I/sandbox/maps/maps_server/include  -fPIC  conftest.c >&5
configure:4776: /usr/bin/nm -B "conftest.o"
configure:4779: output
0000000000000000 B some_variable
configure:4786: result: BSD nm
configure:4789: checking whether ln -s works
configure:4793: result: yes
configure:4801: checking the maximum length of command line arguments
configure:4926: result: 1966080
configure:4943: checking whether the shell understands some XSI constructs
configure:4953: result: yes
configure:4957: checking whether the shell understands "+="
configure:4963: result: yes
configure:4998: checking for /usr/bin/ld option to reload object files
configure:5005: result: -r
configure:5074: checking for objdump
configure:5090: found /usr/bin/objdump
configure:5101: result: objdump
configure:5133: checking how to recognize dependent libraries
configure:5330: result: pass_all
configure:5390: checking for ar
configure:5406: found /usr/bin/ar
configure:5417: result: ar
configure:5495: checking for strip
configure:5511: found /usr/bin/strip
configure:5522: result: strip
configure:5594: checking for ranlib
configure:5610: found /usr/bin/ranlib
configure:5621: result: ranlib
configure:5723: checking command to parse /usr/bin/nm -B output from cc object
configure:5841: cc -c -I/sandbox/maps/maps_server/include  -fPIC  conftest.c >&5
configure:5844: $? = 0
configure:5848: /usr/bin/nm -B conftest.o \| sed -n -e 's/^.*[ ]\([ABCDGIRSTW][ABCDGIRSTW]*\)[ ][ ]*\([_A-Za-z][_A-Za-z0-9]*\)$/\1 \2 \2/p' \> conftest.nm
configure:5851: $? = 0
configure:5905: cc -o conftest -I/sandbox/maps/maps_server/include  -fPIC  -L/sandbox/maps/maps_server/lib  conftest.c conftstm.o >&5
configure:5908: $? = 0
configure:5946: result: ok
configure:6042: cc -c -I/sandbox/maps/maps_server/include  -fPIC  conftest.c >&5
configure:6045: $? = 0
configure:6839: checking for ANSI C header files
configure:6869: cc -c -I/sandbox/maps/maps_server/include  -fPIC  conftest.c >&5
configure:6876: $? = 0
configure:6975: cc -o conftest -I/sandbox/maps/maps_server/include  -fPIC  -L/sandbox/maps/maps_server/lib  conftest.c  >&5
configure:6979: $? = 0
configure:6985: ./conftest
configure:6989: $? = 0
configure:7007: result: yes
configure:7031: checking for sys/types.h
configure:7052: cc -c -I/sandbox/maps/maps_server/include  -fPIC  conftest.c >&5
configure:7059: $? = 0
configure:7076: result: yes
configure:7031: checking for sys/stat.h
configure:7052: cc -c -I/sandbox/maps/maps_server/include  -fPIC  conftest.c >&5
configure:7059: $? = 0
configure:7076: result: yes
configure:7031: checking for stdlib.h
configure:7052: cc -c -I/sandbox/maps/maps_server/include  -fPIC  conftest.c >&5
configure:7059: $? = 0
configure:7076: result: yes
configure:7031: checking for string.h
configure:7052: cc -c -I/sandbox/maps/maps_server/include  -fPIC  conftest.c >&5
configure:7059: $? = 0
configure:7076: result: yes
configure:7031: checking for memory.h
configure:7052: cc -c -I/sandbox/maps/maps_server/include  -fPIC  conftest.c >&5
configure:7059: $? = 0
configure:7076: result: yes
configure:7031: checking for strings.h
configure:7052: cc -c -I/sandbox/maps/maps_server/include  -fPIC  conftest.c >&5
configure:7059: $? = 0
configure:7076: result: yes
configure:7031: checking for inttypes.h
configure:7052: cc -c -I/sandbox/maps/maps_server/include  -fPIC  conftest.c >&5
configure:7059: $? = 0
configure:7076: result: yes
configure:7031: checking for stdint.h
configure:7052: cc -c -I/sandbox/maps/maps_server/include  -fPIC  conftest.c >&5
configure:7059: $? = 0
configure:7076: result: yes
configure:7031: checking for unistd.h
configure:7052: cc -c -I/sandbox/maps/maps_server/include  -fPIC  conftest.c >&5
configure:7059: $? = 0
configure:7076: result: yes
configure:7094: checking for dlfcn.h
configure:7115: cc -c -I/sandbox/maps/maps_server/include  -fPIC  conftest.c >&5
configure:7122: $? = 0
configure:7139: result: yes
configure:7328: checking for objdir
configure:7343: result: .libs
configure:7614: checking if cc supports -fno-rtti -fno-exceptions
configure:7632: cc -c -I/sandbox/maps/maps_server/include  -fPIC  -fno-rtti -fno-exceptions conftest.c >&5
cc1: warning: command line option "-fno-rtti" is valid for C++/ObjC++ but not for C
cc1: warning: command line option "-fno-rtti" is valid for C++/ObjC++ but not for C
configure:7636: $? = 0
configure:7649: result: no
configure:7669: checking for cc option to produce PIC
configure:7948: result: -fPIC -DPIC
configure:7960: checking if cc PIC flag -fPIC -DPIC works
configure:7978: cc -c -I/sandbox/maps/maps_server/include  -fPIC  -fPIC -DPIC -DPIC conftest.c >&5
configure:7982: $? = 0
configure:7995: result: yes
configure:8019: checking if cc static flag -static works
configure:8047: result: no
configure:8062: checking if cc supports -c -o file.o
configure:8083: cc -c -I/sandbox/maps/maps_server/include  -fPIC  -o out/conftest2.o conftest.c >&5
configure:8087: $? = 0
configure:8109: result: yes
configure:8117: checking if cc supports -c -o file.o
configure:8164: result: yes
configure:8197: checking whether the cc linker (/usr/bin/ld -m elf_x86_64) supports shared libraries
configure:9353: result: yes
configure:9598: checking dynamic linker characteristics
configure:10050: cc -o conftest -I/sandbox/maps/maps_server/include  -fPIC  -L/sandbox/maps/maps_server/lib  -Wl,-rpath -Wl,/foo conftest.c  >&5
configure:10057: $? = 0
configure:10294: result: GNU/Linux ld.so
configure:10401: checking how to hardcode library paths into programs
configure:10426: result: immediate
configure:11279: checking whether stripping libraries is possible
configure:11284: result: yes
configure:11319: checking if libtool supports shared libraries
configure:11321: result: yes
configure:11324: checking whether to build shared libraries
configure:11345: result: no
configure:11348: checking whether to build static libraries
configure:11352: result: yes
configure:11394: checking for special C compiler options needed for large files
configure:11489: result: no
configure:11495: checking for _FILE_OFFSET_BITS value needed for large files
configure:11530: cc -c -I/sandbox/maps/maps_server/include  -fPIC  conftest.c >&5
configure:11537: $? = 0
configure:11606: result: no
configure:11743: checking for an ANSI C-conforming const
configure:11818: cc -c -I/sandbox/maps/maps_server/include  -fPIC  conftest.c >&5
configure:11825: $? = 0
configure:11840: result: yes
configure:11863: checking for stdlib.h
configure:11870: result: yes
configure:11863: checking for string.h
configure:11870: result: yes
configure:11874: checking sys/file.h usability
configure:11891: cc -c -I/sandbox/maps/maps_server/include  -fPIC  conftest.c >&5
configure:11898: $? = 0
configure:11912: result: yes
configure:11916: checking sys/file.h presence
configure:11931: cc -E  conftest.c
configure:11938: $? = 0
configure:11952: result: yes
configure:11985: checking for sys/file.h
configure:11994: result: yes
configure:11863: checking for unistd.h
configure:11870: result: yes
configure:11874: checking fcntl.h usability
configure:11891: cc -c -I/sandbox/maps/maps_server/include  -fPIC  conftest.c >&5
configure:11898: $? = 0
configure:11912: result: yes
configure:11916: checking fcntl.h presence
configure:11931: cc -E  conftest.c
configure:11938: $? = 0
configure:11952: result: yes
configure:11985: checking for fcntl.h
configure:11994: result: yes
configure:11863: checking for sys/types.h
configure:11870: result: yes
configure:11863: checking for memory.h
configure:11870: result: yes
configure:11874: checking sys/termios.h usability
configure:11891: cc -c -I/sandbox/maps/maps_server/include  -fPIC  conftest.c >&5
configure:11898: $? = 0
configure:11912: result: yes
configure:11916: checking sys/termios.h presence
configure:11931: cc -E  conftest.c
configure:11938: $? = 0
configure:11952: result: yes
configure:11985: checking for sys/termios.h
configure:11994: result: yes
configure:12011: checking for main in -ldbm
configure:12040: cc -o conftest -I/sandbox/maps/maps_server/include  -fPIC  -L/sandbox/maps/maps_server/lib  conftest.c -ldbm   >&5
/usr/bin/ld: cannot find -ldbm
collect2: ld returned 1 exit status
configure:12047: $? = 1
configure: failed program was:
| /* confdefs.h.  */
| #define PACKAGE_NAME "gdbm"
| #define PACKAGE_TARNAME "gdbm"
| #define PACKAGE_VERSION "1.9.1"
| #define PACKAGE_STRING "gdbm 1.9.1"
| #define PACKAGE_BUGREPORT "bug-gdbm@gnu.org"
| #define PACKAGE "gdbm"
| #define VERSION "1.9.1"
| #define STDC_HEADERS 1
| #define HAVE_SYS_TYPES_H 1
| #define HAVE_SYS_STAT_H 1
| #define HAVE_STDLIB_H 1
| #define HAVE_STRING_H 1
| #define HAVE_MEMORY_H 1
| #define HAVE_STRINGS_H 1
| #define HAVE_INTTYPES_H 1
| #define HAVE_STDINT_H 1
| #define HAVE_UNISTD_H 1
| #define HAVE_DLFCN_H 1
| #define LT_OBJDIR ".libs/"
| #define HAVE_STDLIB_H 1
| #define HAVE_STRING_H 1
| #define HAVE_SYS_FILE_H 1
| #define HAVE_UNISTD_H 1
| #define HAVE_FCNTL_H 1
| #define HAVE_SYS_TYPES_H 1
| #define HAVE_MEMORY_H 1
| #define HAVE_SYS_TERMIOS_H 1
| /* end confdefs.h.  */
| 
| 
| int
| main ()
| {
| return main ();
|   ;
|   return 0;
| }
configure:12068: result: no
configure:12080: checking for main in -lndbm
configure:12109: cc -o conftest -I/sandbox/maps/maps_server/include  -fPIC  -L/sandbox/maps/maps_server/lib  conftest.c -lndbm   >&5
/usr/bin/ld: cannot find -lndbm
collect2: ld returned 1 exit status
configure:12116: $? = 1
configure: failed program was:
| /* confdefs.h.  */
| #define PACKAGE_NAME "gdbm"
| #define PACKAGE_TARNAME "gdbm"
| #define PACKAGE_VERSION "1.9.1"
| #define PACKAGE_STRING "gdbm 1.9.1"
| #define PACKAGE_BUGREPORT "bug-gdbm@gnu.org"
| #define PACKAGE "gdbm"
| #define VERSION "1.9.1"
| #define STDC_HEADERS 1
| #define HAVE_SYS_TYPES_H 1
| #define HAVE_SYS_STAT_H 1
| #define HAVE_STDLIB_H 1
| #define HAVE_STRING_H 1
| #define HAVE_MEMORY_H 1
| #define HAVE_STRINGS_H 1
| #define HAVE_INTTYPES_H 1
| #define HAVE_STDINT_H 1
| #define HAVE_UNISTD_H 1
| #define HAVE_DLFCN_H 1
| #define LT_OBJDIR ".libs/"
| #define HAVE_STDLIB_H 1
| #define HAVE_STRING_H 1
| #define HAVE_SYS_FILE_H 1
| #define HAVE_UNISTD_H 1
| #define HAVE_FCNTL_H 1
| #define HAVE_SYS_TYPES_H 1
| #define HAVE_MEMORY_H 1
| #define HAVE_SYS_TERMIOS_H 1
| /* end confdefs.h.  */
| 
| 
| int
| main ()
| {
| return main ();
|   ;
|   return 0;
| }
configure:12137: result: no
configure:12156: checking for rename
configure:12212: cc -o conftest -I/sandbox/maps/maps_server/include  -fPIC  -L/sandbox/maps/maps_server/lib  conftest.c  >&5
configure:12219: $? = 0
configure:12241: result: yes
configure:12156: checking for ftruncate
configure:12212: cc -o conftest -I/sandbox/maps/maps_server/include  -fPIC  -L/sandbox/maps/maps_server/lib  conftest.c  >&5
configure:12219: $? = 0
configure:12241: result: yes
configure:12156: checking for flock
configure:12212: cc -o conftest -I/sandbox/maps/maps_server/include  -fPIC  -L/sandbox/maps/maps_server/lib  conftest.c  >&5
configure:12219: $? = 0
configure:12241: result: yes
configure:12156: checking for lockf
configure:12212: cc -o conftest -I/sandbox/maps/maps_server/include  -fPIC  -L/sandbox/maps/maps_server/lib  conftest.c  >&5
configure:12219: $? = 0
configure:12241: result: yes
configure:12156: checking for fsync
configure:12212: cc -o conftest -I/sandbox/maps/maps_server/include  -fPIC  -L/sandbox/maps/maps_server/lib  conftest.c  >&5
configure:12219: $? = 0
configure:12241: result: yes
configure:12262: checking for stdlib.h
configure:12269: result: yes
configure:12262: checking for unistd.h
configure:12269: result: yes
configure:12412: checking for getpagesize
configure:12468: cc -o conftest -I/sandbox/maps/maps_server/include  -fPIC  -L/sandbox/maps/maps_server/lib  conftest.c  >&5
configure:12475: $? = 0
configure:12497: result: yes
configure:12509: checking for working mmap
configure:12656: cc -o conftest -I/sandbox/maps/maps_server/include  -fPIC  -L/sandbox/maps/maps_server/lib  conftest.c  >&5
configure:12660: $? = 0
configure:12666: ./conftest
configure:12670: $? = 0
configure:12687: result: yes
configure:12702: checking for msync
configure:12758: cc -o conftest -I/sandbox/maps/maps_server/include  -fPIC  -L/sandbox/maps/maps_server/lib  conftest.c  >&5
configure:12765: $? = 0
configure:12787: result: yes
configure:12800: checking for off_t
configure:12828: cc -c -I/sandbox/maps/maps_server/include  -fPIC  conftest.c >&5
configure:12835: $? = 0
configure:12862: cc -c -I/sandbox/maps/maps_server/include  -fPIC  conftest.c >&5
conftest.c: In function 'main':
conftest.c:76: error: expected expression before ')' token
configure:12869: $? = 1
configure: failed program was:
| /* confdefs.h.  */
| #define PACKAGE_NAME "gdbm"
| #define PACKAGE_TARNAME "gdbm"
| #define PACKAGE_VERSION "1.9.1"
| #define PACKAGE_STRING "gdbm 1.9.1"
| #define PACKAGE_BUGREPORT "bug-gdbm@gnu.org"
| #define PACKAGE "gdbm"
| #define VERSION "1.9.1"
| #define STDC_HEADERS 1
| #define HAVE_SYS_TYPES_H 1
| #define HAVE_SYS_STAT_H 1
| #define HAVE_STDLIB_H 1
| #define HAVE_STRING_H 1
| #define HAVE_MEMORY_H 1
| #define HAVE_STRINGS_H 1
| #define HAVE_INTTYPES_H 1
| #define HAVE_STDINT_H 1
| #define HAVE_UNISTD_H 1
| #define HAVE_DLFCN_H 1
| #define LT_OBJDIR ".libs/"
| #define HAVE_STDLIB_H 1
| #define HAVE_STRING_H 1
| #define HAVE_SYS_FILE_H 1
| #define HAVE_UNISTD_H 1
| #define HAVE_FCNTL_H 1
| #define HAVE_SYS_TYPES_H 1
| #define HAVE_MEMORY_H 1
| #define HAVE_SYS_TERMIOS_H 1
| #define HAVE_RENAME 1
| #define HAVE_FTRUNCATE 1
| #define HAVE_FLOCK 1
| #define HAVE_LOCKF 1
| #define HAVE_FSYNC 1
| #define HAVE_STDLIB_H 1
| #define HAVE_UNISTD_H 1
| #define HAVE_GETPAGESIZE 1
| #define HAVE_MMAP 1
| #define HAVE_MSYNC 1
| /* end confdefs.h.  */
| #include <stdio.h>
| #ifdef HAVE_SYS_TYPES_H
| # include <sys/types.h>
| #endif
| #ifdef HAVE_SYS_STAT_H
| # include <sys/stat.h>
| #endif
| #ifdef STDC_HEADERS
| # include <stdlib.h>
| # include <stddef.h>
| #else
| # ifdef HAVE_STDLIB_H
| #  include <stdlib.h>
| # endif
| #endif
| #ifdef HAVE_STRING_H
| # if !defined STDC_HEADERS && defined HAVE_MEMORY_H
| #  include <memory.h>
| # endif
| # include <string.h>
| #endif
| #ifdef HAVE_STRINGS_H
| # include <strings.h>
| #endif
| #ifdef HAVE_INTTYPES_H
| # include <inttypes.h>
| #endif
| #ifdef HAVE_STDINT_H
| # include <stdint.h>
| #endif
| #ifdef HAVE_UNISTD_H
| # include <unistd.h>
| #endif
| int
| main ()
| {
| if (sizeof ((off_t)))
| 	  return 0;
|   ;
|   return 0;
| }
configure:12892: result: yes
configure:12908: checking size of off_t
configure:13213: cc -o conftest -I/sandbox/maps/maps_server/include  -fPIC  -L/sandbox/maps/maps_server/lib  conftest.c  >&5
configure:13217: $? = 0
configure:13223: ./conftest
configure:13227: $? = 0
configure:13253: result: 8
configure:13263: checking for struct stat.st_blksize
configure:13291: cc -c -I/sandbox/maps/maps_server/include  -fPIC  conftest.c >&5
configure:13298: $? = 0
configure:13356: result: yes
configure:13538: creating ./config.status

## ---------------------- ##
## Running config.status. ##
## ---------------------- ##

This file was extended by gdbm config.status 1.9.1, which was
generated by GNU Autoconf 2.63.  Invocation command line was

  CONFIG_FILES    = 
  CONFIG_HEADERS  = 
  CONFIG_LINKS    = 
  CONFIG_COMMANDS = 
  $ ./config.status 

on localhost.localdomain

config.status:1027: creating tests/Makefile
config.status:1027: creating tests/atlocal
config.status:1027: creating Makefile
config.status:1027: creating src/Makefile
config.status:1027: creating src/gdbm.h
config.status:1027: creating doc/Makefile
config.status:1027: creating compat/Makefile
config.status:1027: creating export/Makefile
config.status:1027: creating autoconf.h
config.status:1301: executing depfiles commands
config.status:1301: executing libtool commands
config.status:1301: executing tests/atconfig commands

## ---------------- ##
## Cache variables. ##
## ---------------- ##

ac_cv_build=x86_64-unknown-linux-gnu
ac_cv_c_compiler_gnu=yes
ac_cv_c_const=yes
ac_cv_env_CC_set=set
ac_cv_env_CC_value=cc
ac_cv_env_CFLAGS_set=set
ac_cv_env_CFLAGS_value='-I/sandbox/maps/maps_server/include  -fPIC'
ac_cv_env_CPPFLAGS_set=
ac_cv_env_CPPFLAGS_value=
ac_cv_env_CPP_set=
ac_cv_env_CPP_value=
ac_cv_env_LDFLAGS_set=set
ac_cv_env_LDFLAGS_value='-L/sandbox/maps/maps_server/lib '
ac_cv_env_LIBS_set=
ac_cv_env_LIBS_value=
ac_cv_env_build_alias_set=
ac_cv_env_build_alias_value=
ac_cv_env_host_alias_set=
ac_cv_env_host_alias_value=
ac_cv_env_target_alias_set=
ac_cv_env_target_alias_value=
ac_cv_func_flock=yes
ac_cv_func_fsync=yes
ac_cv_func_ftruncate=yes
ac_cv_func_getpagesize=yes
ac_cv_func_lockf=yes
ac_cv_func_mmap_fixed_mapped=yes
ac_cv_func_msync=yes
ac_cv_func_rename=yes
ac_cv_header_dlfcn_h=yes
ac_cv_header_fcntl_h=yes
ac_cv_header_inttypes_h=yes
ac_cv_header_memory_h=yes
ac_cv_header_stdc=yes
ac_cv_header_stdint_h=yes
ac_cv_header_stdlib_h=yes
ac_cv_header_string_h=yes
ac_cv_header_strings_h=yes
ac_cv_header_sys_file_h=yes
ac_cv_header_sys_stat_h=yes
ac_cv_header_sys_termios_h=yes
ac_cv_header_sys_types_h=yes
ac_cv_header_unistd_h=yes
ac_cv_host=x86_64-unknown-linux-gnu
ac_cv_lib_dbm_main=no
ac_cv_lib_ndbm_main=no
ac_cv_member_struct_stat_st_blksize=yes
ac_cv_objext=o
ac_cv_path_EGREP='/bin/grep -E'
ac_cv_path_FGREP='/bin/grep -F'
ac_cv_path_GREP=/bin/grep
ac_cv_path_SED=/bin/sed
ac_cv_path_install='/usr/bin/install -c'
ac_cv_path_mkdir=/bin/mkdir
ac_cv_prog_AWK=gawk
ac_cv_prog_CPP='cc -E'
ac_cv_prog_ac_ct_AR=ar
ac_cv_prog_ac_ct_CC=cc
ac_cv_prog_ac_ct_OBJDUMP=objdump
ac_cv_prog_ac_ct_RANLIB=ranlib
ac_cv_prog_ac_ct_STRIP=strip
ac_cv_prog_cc_c89=
ac_cv_prog_cc_g=yes
ac_cv_prog_make_make_set=yes
ac_cv_sizeof_off_t=8
ac_cv_sys_file_offset_bits=no
ac_cv_sys_largefile_CC=no
ac_cv_type_off_t=yes
am_cv_CC_dependencies_compiler_type=gcc3
lt_cv_deplibs_check_method=pass_all
lt_cv_file_magic_cmd='$MAGIC_CMD'
lt_cv_file_magic_test_file=
lt_cv_ld_reload_flag=-r
lt_cv_nm_interface='BSD nm'
lt_cv_objdir=.libs
lt_cv_path_LD=/usr/bin/ld
lt_cv_path_NM='/usr/bin/nm -B'
lt_cv_prog_compiler_c_o=yes
lt_cv_prog_compiler_pic_works=yes
lt_cv_prog_compiler_rtti_exceptions=no
lt_cv_prog_compiler_static_works=no
lt_cv_prog_gnu_ld=yes
lt_cv_shlibpath_overrides_runpath=no
lt_cv_sys_global_symbol_pipe='sed -n -e '\''s/^.*[	 ]\([ABCDGIRSTW][ABCDGIRSTW]*\)[	 ][	 ]*\([_A-Za-z][_A-Za-z0-9]*\)$/\1 \2 \2/p'\'''
lt_cv_sys_global_symbol_to_c_name_address='sed -n -e '\''s/^: \([^ ]*\) $/  {\"\1\", (void *) 0},/p'\'' -e '\''s/^[ABCDGIRSTW]* \([^ ]*\) \([^ ]*\)$/  {"\2", (void *) \&\2},/p'\'''
lt_cv_sys_global_symbol_to_c_name_address_lib_prefix='sed -n -e '\''s/^: \([^ ]*\) $/  {\"\1\", (void *) 0},/p'\'' -e '\''s/^[ABCDGIRSTW]* \([^ ]*\) \(lib[^ ]*\)$/  {"\2", (void *) \&\2},/p'\'' -e '\''s/^[ABCDGIRSTW]* \([^ ]*\) \([^ ]*\)$/  {"lib\2", (void *) \&\2},/p'\'''
lt_cv_sys_global_symbol_to_cdecl='sed -n -e '\''s/^T .* \(.*\)$/extern int \1();/p'\'' -e '\''s/^[ABCDGIRSTW]* .* \(.*\)$/extern char \1;/p'\'''
lt_cv_sys_max_cmd_len=1966080

## ----------------- ##
## Output variables. ##
## ----------------- ##

ACLOCAL='${SHELL} /sandbox/maps/build/gdbm-1.9.1/build-aux/missing --run aclocal-1.11'
AMDEPBACKSLASH='\'
AMDEP_FALSE='#'
AMDEP_TRUE=''
AMTAR='${SHELL} /sandbox/maps/build/gdbm-1.9.1/build-aux/missing --run tar'
AM_BACKSLASH='\'
AM_DEFAULT_VERBOSITY='0'
AR='ar'
AUTOCONF='${SHELL} /sandbox/maps/build/gdbm-1.9.1/build-aux/missing --run autoconf'
AUTOHEADER='${SHELL} /sandbox/maps/build/gdbm-1.9.1/build-aux/missing --run autoheader'
AUTOM4TE='${SHELL} /sandbox/maps/build/gdbm-1.9.1/build-aux/missing --run autom4te'
AUTOMAKE='${SHELL} /sandbox/maps/build/gdbm-1.9.1/build-aux/missing --run automake-1.11'
AWK='gawk'
CC='cc'
CCDEPMODE='depmode=gcc3'
CFLAGS='-I/sandbox/maps/maps_server/include  -fPIC'
COMPAT_OPT_FALSE='#'
COMPAT_OPT_TRUE=''
CPP='cc -E'
CPPFLAGS=''
CYGPATH_W='echo'
DEFS='-DHAVE_CONFIG_H'
DEPDIR='.deps'
DSYMUTIL=''
DUMPBIN=''
ECHO_C=''
ECHO_N='-n'
ECHO_T=''
EGREP='/bin/grep -E'
ENABLE_EXPORT_FALSE=''
ENABLE_EXPORT_TRUE='#'
EXEEXT=''
FGREP='/bin/grep -F'
GDBM183_INCLUDEDIR='/usr/local/include'
GDBM183_LIBDIR='/usr/local/lib'
GDBM183_LIBRARY='-lgdbm'
GDBM_VERSION_MAJOR='1'
GDBM_VERSION_MINOR='9'
GDBM_VERSION_PATCH='1'
GREP='/bin/grep'
INSTALL_DATA='${INSTALL} -m 644'
INSTALL_PROGRAM='${INSTALL}'
INSTALL_SCRIPT='${INSTALL}'
INSTALL_STRIP_PROGRAM='$(install_sh) -c -s'
LD='/usr/bin/ld -m elf_x86_64'
LDFLAGS='-L/sandbox/maps/maps_server/lib '
LIBOBJS=''
LIBS=''
LIBTOOL='$(SHELL) $(top_builddir)/libtool'
LIPO=''
LN_S='ln -s'
LTLIBOBJS=''
MAKEINFO='${SHELL} /sandbox/maps/build/gdbm-1.9.1/build-aux/missing --run makeinfo'
MKDIR_P='/bin/mkdir -p'
NM='/usr/bin/nm -B'
NMEDIT=''
OBJDUMP='objdump'
OBJEXT='o'
OTOOL64=''
OTOOL=''
PACKAGE='gdbm'
PACKAGE_BUGREPORT='bug-gdbm@gnu.org'
PACKAGE_NAME='gdbm'
PACKAGE_STRING='gdbm 1.9.1'
PACKAGE_TARNAME='gdbm'
PACKAGE_VERSION='1.9.1'
PATH_SEPARATOR=':'
RANLIB='ranlib'
SED='/bin/sed'
SET_MAKE=''
SHELL='/bin/sh'
STRIP='strip'
VERSION='1.9.1'
ac_ct_CC='cc'
ac_ct_DUMPBIN=''
am__EXEEXT_FALSE=''
am__EXEEXT_TRUE='#'
am__fastdepCC_FALSE='#'
am__fastdepCC_TRUE=''
am__include='include'
am__isrc=''
am__leading_dot='.'
am__quote=''
am__tar='${AMTAR} chof - "$$tardir"'
am__untar='${AMTAR} xf -'
bindir='${exec_prefix}/bin'
build='x86_64-unknown-linux-gnu'
build_alias=''
build_cpu='x86_64'
build_os='linux-gnu'
build_vendor='unknown'
datadir='${datarootdir}'
datarootdir='${prefix}/share'
docdir='${datarootdir}/doc/${PACKAGE_TARNAME}'
dvidir='${docdir}'
exec_prefix='${prefix}'
host='x86_64-unknown-linux-gnu'
host_alias=''
host_cpu='x86_64'
host_os='linux-gnu'
host_vendor='unknown'
htmldir='${docdir}'
includedir='${prefix}/include'
infodir='${datarootdir}/info'
install_sh='${SHELL} /sandbox/maps/build/gdbm-1.9.1/build-aux/install-sh'
libdir='${exec_prefix}/lib'
libexecdir='${exec_prefix}/libexec'
localedir='${datarootdir}/locale'
localstatedir='${prefix}/var'
mandir='${datarootdir}/man'
mkdir_p='/bin/mkdir -p'
oldincludedir='/usr/include'
pdfdir='${docdir}'
prefix='/sandbox/maps/maps_server'
program_transform_name='s,x,x,'
psdir='${docdir}'
sbindir='${exec_prefix}/sbin'
sharedstatedir='${prefix}/com'
sysconfdir='${prefix}/etc'
target_alias=''

## ----------- ##
## confdefs.h. ##
## ----------- ##

#define PACKAGE_NAME "gdbm"
#define PACKAGE_TARNAME "gdbm"
#define PACKAGE_VERSION "1.9.1"
#define PACKAGE_STRING "gdbm 1.9.1"
#define PACKAGE_BUGREPORT "bug-gdbm@gnu.org"
#define PACKAGE "gdbm"
#define VERSION "1.9.1"
#define STDC_HEADERS 1
#define HAVE_SYS_TYPES_H 1
#define HAVE_SYS_STAT_H 1
#define HAVE_STDLIB_H 1
#define HAVE_STRING_H 1
#define HAVE_MEMORY_H 1
#define HAVE_STRINGS_H 1
#define HAVE_INTTYPES_H 1
#define HAVE_STDINT_H 1
#define HAVE_UNISTD_H 1
#define HAVE_DLFCN_H 1
#define LT_OBJDIR ".libs/"
#define HAVE_STDLIB_H 1
#define HAVE_STRING_H 1
#define HAVE_SYS_FILE_H 1
#define HAVE_UNISTD_H 1
#define HAVE_FCNTL_H 1
#define HAVE_SYS_TYPES_H 1
#define HAVE_MEMORY_H 1
#define HAVE_SYS_TERMIOS_H 1
#define HAVE_RENAME 1
#define HAVE_FTRUNCATE 1
#define HAVE_FLOCK 1
#define HAVE_LOCKF 1
#define HAVE_FSYNC 1
#define HAVE_STDLIB_H 1
#define HAVE_UNISTD_H 1
#define HAVE_GETPAGESIZE 1
#define HAVE_MMAP 1
#define HAVE_MSYNC 1
#define SIZEOF_OFF_T 8
#define HAVE_STRUCT_STAT_ST_BLKSIZE 1

configure: exit 0
