--------------------
./configure --prefix=/sandbox/maps/maps_server --static
Thu Feb 18 15:41:19 UTC 2016
=== ztest14768.c ===
extern int getchar();
int hello() {return getchar();}
===
cc -c ztest14768.c
... using gcc

Checking for obsessive-compulsive compiler options...
=== ztest14768.c ===
int foo() { return 0; }
===
cc -c -I/sandbox/maps/maps_server/include -fPIC ztest14768.c

Building static library libz.a version 1.2.8 with cc.

=== ztest14768.c ===
#include <sys/types.h>
off64_t dummy = 0;
===
cc -c -I/sandbox/maps/maps_server/include -fPIC -D_LARGEFILE64_SOURCE=1 ztest14768.c
Checking for off64_t... Yes.
Checking for fseeko... Yes.

=== ztest14768.c ===
#include <string.h>
#include <errno.h>
int main() { return strlen(strerror(errno)); }
===
cc -I/sandbox/maps/maps_server/include -fPIC -D_LARGEFILE64_SOURCE=1 -o ztest14768 ztest14768.c
Checking for strerror... Yes.

=== ztest14768.c ===
#include <unistd.h>
int main() { return 0; }
===
cc -c -I/sandbox/maps/maps_server/include -fPIC -D_LARGEFILE64_SOURCE=1 ztest14768.c
Checking for unistd.h... Yes.

=== ztest14768.c ===
#include <stdarg.h>
int main() { return 0; }
===
cc -c -I/sandbox/maps/maps_server/include -fPIC -D_LARGEFILE64_SOURCE=1 ztest14768.c
Checking for stdarg.h... Yes.

=== ztest14768.c ===
#include <stdio.h>
#include <stdarg.h>
#include "zconf.h"
int main()
{
#ifndef STDC
  choke me
#endif
  return 0;
}
===
cc -c -I/sandbox/maps/maps_server/include -fPIC -D_LARGEFILE64_SOURCE=1 ztest14768.c
Checking whether to use vs[n]printf() or s[n]printf()... using vs[n]printf().

=== ztest14768.c ===
#include <stdio.h>
#include <stdarg.h>
int mytest(const char *fmt, ...)
{
  char buf[20];
  va_list ap;
  va_start(ap, fmt);
  vsnprintf(buf, sizeof(buf), fmt, ap);
  va_end(ap);
  return 0;
}
int main()
{
  return (mytest("Hello%d\n", 1));
}
===
cc -I/sandbox/maps/maps_server/include -fPIC -D_LARGEFILE64_SOURCE=1 -o ztest14768 ztest14768.c
Checking for vsnprintf() in stdio.h... Yes.

=== ztest14768.c ===
#include <stdio.h>
#include <stdarg.h>
int mytest(const char *fmt, ...)
{
  int n;
  char buf[20];
  va_list ap;
  va_start(ap, fmt);
  n = vsnprintf(buf, sizeof(buf), fmt, ap);
  va_end(ap);
  return n;
}
int main()
{
  return (mytest("Hello%d\n", 1));
}
===
cc -c -I/sandbox/maps/maps_server/include -fPIC -D_LARGEFILE64_SOURCE=1 ztest14768.c
Checking for return value of vsnprintf()... Yes.

=== ztest14768.c ===
#define ZLIB_INTERNAL __attribute__((visibility ("hidden")))
int ZLIB_INTERNAL foo;
int main()
{
  return 0;
}
===
cc -c -I/sandbox/maps/maps_server/include -fPIC -D_LARGEFILE64_SOURCE=1 ztest14768.c
Checking for attribute(visibility) support... Yes.

ALL = static all64
AR = ar
ARFLAGS = rc
CC = cc
CFLAGS = -I/sandbox/maps/maps_server/include -fPIC -D_LARGEFILE64_SOURCE=1 -DHAVE_HIDDEN
CPP = cc -E
EXE =
LDCONFIG = ldconfig
LDFLAGS = -L/sandbox/maps/maps_server/lib
LDSHARED = cc
LDSHAREDLIBC = -lc
OBJC = $(OBJZ) $(OBJG)
PIC_OBJC = $(PIC_OBJZ) $(PIC_OBJG)
RANLIB = ranlib
SFLAGS = -I/sandbox/maps/maps_server/include -fPIC -fPIC -D_LARGEFILE64_SOURCE=1 -DHAVE_HIDDEN
SHAREDLIB =
SHAREDLIBM =
SHAREDLIBV =
STATICLIB = libz.a
TEST = all teststatic test64
VER = 1.2.8
Z_U4 =
exec_prefix = ${prefix}
includedir = ${prefix}/include
libdir = ${exec_prefix}/lib
mandir = ${prefix}/share/man
prefix = /sandbox/maps/maps_server
sharedlibdir = ${libdir}
uname = Linux
--------------------


